{
  "RSpec": {
    "coverage": {
      "/Users/vidoseaver/turing/3/rales_engine/app/controllers/api/v1/customer_search_controller.rb": [
        1,
        null,
        1,
        1,
        null,
        null,
        1,
        1,
        null,
        null,
        1,
        null,
        1,
        2,
        null,
        null,
        null,
        null
      ],
      "/Users/vidoseaver/turing/3/rales_engine/app/controllers/application_controller.rb": [
        1,
        null
      ],
      "/Users/vidoseaver/turing/3/rales_engine/app/controllers/api/v1/customers_controller.rb": [
        1,
        null,
        1,
        2,
        null,
        null,
        1,
        1,
        null,
        null,
        null
      ],
      "/Users/vidoseaver/turing/3/rales_engine/app/controllers/api/v1/invoice_item_search_controller.rb": [
        1,
        null,
        1,
        1,
        0,
        null,
        1,
        null,
        null,
        null,
        1,
        1,
        0,
        null,
        1,
        null,
        null,
        null,
        1,
        null,
        1,
        2,
        null,
        null,
        1,
        0,
        null,
        null,
        null
      ],
      "/Users/vidoseaver/turing/3/rales_engine/app/controllers/api/v1/invoice_items_controller.rb": [
        1,
        null,
        1,
        1,
        null,
        null,
        1,
        1,
        null,
        null,
        null
      ],
      "/Users/vidoseaver/turing/3/rales_engine/app/controllers/api/v1/invoice_search_controller.rb": [
        1,
        null,
        1,
        1,
        null,
        null,
        1,
        1,
        null,
        null,
        1,
        null,
        1,
        2,
        null,
        null,
        null
      ],
      "/Users/vidoseaver/turing/3/rales_engine/app/controllers/api/v1/invoices_controller.rb": [
        1,
        null,
        1,
        2,
        null,
        null,
        1,
        1,
        null,
        null,
        null
      ],
      "/Users/vidoseaver/turing/3/rales_engine/app/controllers/api/v1/item_search_controller.rb": [
        1,
        null,
        1,
        1,
        0,
        null,
        1,
        null,
        null,
        null,
        1,
        1,
        0,
        null,
        1,
        null,
        null,
        null,
        1,
        null,
        1,
        2,
        null,
        null,
        1,
        0,
        null,
        null,
        null
      ],
      "/Users/vidoseaver/turing/3/rales_engine/app/controllers/api/v1/items_controller.rb": [
        1,
        null,
        1,
        2,
        null,
        null,
        1,
        1,
        null,
        null,
        null
      ],
      "/Users/vidoseaver/turing/3/rales_engine/app/controllers/api/v1/items_most_items_controller.rb": [
        1,
        null,
        1,
        1,
        null,
        null,
        null
      ],
      "/Users/vidoseaver/turing/3/rales_engine/app/controllers/api/v1/items_most_revenues_controller.rb": [
        1,
        null,
        1,
        1,
        null,
        null,
        null
      ],
      "/Users/vidoseaver/turing/3/rales_engine/app/controllers/api/v1/merchant_search_controller.rb": [
        1,
        null,
        1,
        1,
        null,
        null,
        1,
        1,
        null,
        null,
        1,
        null,
        1,
        2,
        null,
        null,
        null
      ],
      "/Users/vidoseaver/turing/3/rales_engine/app/controllers/api/v1/merchants/customers_with_pending_invoices_controller.rb": [
        1,
        null,
        1,
        0,
        null,
        null,
        null
      ],
      "/Users/vidoseaver/turing/3/rales_engine/app/controllers/api/v1/merchants_controller.rb": [
        1,
        null,
        1,
        2,
        null,
        null,
        1,
        1,
        null,
        null,
        null
      ],
      "/Users/vidoseaver/turing/3/rales_engine/app/controllers/api/v1/merchants_items_controller.rb": [
        1,
        null,
        1,
        2,
        null,
        null,
        null
      ],
      "/Users/vidoseaver/turing/3/rales_engine/app/controllers/api/v1/merchants_most_revenues_controller.rb": [
        1,
        null,
        1,
        1,
        null,
        null,
        null
      ],
      "/Users/vidoseaver/turing/3/rales_engine/app/controllers/api/v1/transaction_search_controller.rb": [
        1,
        null,
        1,
        1,
        null,
        null,
        1,
        1,
        null,
        null,
        1,
        null,
        1,
        2,
        null,
        null,
        null
      ],
      "/Users/vidoseaver/turing/3/rales_engine/app/controllers/api/v1/transactions_controller.rb": [
        1,
        null,
        1,
        2,
        null,
        null,
        1,
        1,
        null,
        null
      ],
      "/Users/vidoseaver/turing/3/rales_engine/app/models/customer.rb": [
        1,
        1,
        1,
        1,
        null,
        1,
        1,
        null,
        1,
        null,
        1,
        null,
        null,
        null
      ],
      "/Users/vidoseaver/turing/3/rales_engine/app/models/application_record.rb": [
        1,
        1,
        null
      ],
      "/Users/vidoseaver/turing/3/rales_engine/app/models/invoice_item.rb": [
        1,
        1,
        1,
        null,
        null
      ],
      "/Users/vidoseaver/turing/3/rales_engine/app/models/invoice.rb": [
        1,
        1,
        1,
        1,
        1,
        1,
        null,
        1,
        1,
        null,
        null
      ],
      "/Users/vidoseaver/turing/3/rales_engine/app/models/item.rb": [
        1,
        1,
        1,
        1,
        null,
        1,
        0,
        null,
        null,
        1,
        1,
        null,
        null,
        1,
        1,
        null,
        null,
        null
      ],
      "/Users/vidoseaver/turing/3/rales_engine/app/models/merchant.rb": [
        1,
        1,
        1,
        1,
        1,
        1,
        null,
        1,
        2,
        null,
        2,
        null,
        2,
        null,
        null,
        1,
        2,
        null,
        null,
        1,
        null,
        null,
        null,
        2,
        null,
        null,
        1,
        1,
        null,
        null,
        1,
        0,
        null,
        null,
        1,
        2,
        null,
        null,
        1,
        0,
        null,
        null,
        null,
        null
      ],
      "/Users/vidoseaver/turing/3/rales_engine/app/models/transaction.rb": [
        1,
        1,
        null,
        13,
        null,
        null
      ],
      "/Users/vidoseaver/turing/3/rales_engine/app/controllers/api/v1/customers/favorite_merchants_controller.rb": [
        1,
        null,
        1,
        1,
        1,
        null,
        null,
        null
      ],
      "/Users/vidoseaver/turing/3/rales_engine/app/serializers/merchant_serializer.rb": [
        1,
        1,
        null,
        null
      ],
      "/Users/vidoseaver/turing/3/rales_engine/app/controllers/api/v1/customers/invoices_controller.rb": [
        1,
        null,
        1,
        1,
        null,
        null,
        null
      ],
      "/Users/vidoseaver/turing/3/rales_engine/app/serializers/api/v1/customers/invoice_serializer.rb": [
        1,
        1,
        null,
        null
      ],
      "/Users/vidoseaver/turing/3/rales_engine/app/serializers/invoice_serializer.rb": [
        1,
        1,
        null,
        null
      ],
      "/Users/vidoseaver/turing/3/rales_engine/app/controllers/api/v1/customers/transactions_controller.rb": [
        1,
        null,
        1,
        1,
        null,
        null,
        null
      ],
      "/Users/vidoseaver/turing/3/rales_engine/app/serializers/api/v1/customers/transaction_serializer.rb": [
        1,
        1,
        null,
        null
      ],
      "/Users/vidoseaver/turing/3/rales_engine/app/serializers/api/v1/customer_serializer.rb": [
        1,
        1,
        null,
        null
      ],
      "/Users/vidoseaver/turing/3/rales_engine/app/controllers/api/v1/invoice_items/invoices_controller.rb": [
        1,
        null,
        1,
        1,
        null,
        null,
        null
      ],
      "/Users/vidoseaver/turing/3/rales_engine/app/controllers/api/v1/invoice_items/items_controller.rb": [
        1,
        null,
        1,
        1,
        null,
        null,
        null
      ],
      "/Users/vidoseaver/turing/3/rales_engine/app/serializers/api/v1/invoice_items/item_serializer.rb": [
        1,
        1,
        null,
        null
      ],
      "/Users/vidoseaver/turing/3/rales_engine/app/serializers/invoice_item_serializer.rb": [
        1,
        1,
        null,
        1,
        4,
        null,
        null,
        null
      ],
      "/Users/vidoseaver/turing/3/rales_engine/app/controllers/api/v1/invoices/customers_controller.rb": [
        1,
        null,
        1,
        1,
        null,
        null,
        null
      ],
      "/Users/vidoseaver/turing/3/rales_engine/app/serializers/api/v1/invoices/customer_serializer.rb": [
        1,
        1,
        null,
        null
      ],
      "/Users/vidoseaver/turing/3/rales_engine/app/controllers/api/v1/invoices/invoice_items_controller.rb": [
        1,
        null,
        1,
        1,
        null,
        null,
        null
      ],
      "/Users/vidoseaver/turing/3/rales_engine/app/serializers/api/v1/invoices/invoice_item_serializer.rb": [
        1,
        1,
        null,
        null
      ],
      "/Users/vidoseaver/turing/3/rales_engine/app/controllers/api/v1/invoices/items_controller.rb": [
        1,
        null,
        1,
        1,
        null,
        null,
        null
      ],
      "/Users/vidoseaver/turing/3/rales_engine/app/serializers/api/v1/invoices/item_serializer.rb": [
        1,
        1,
        null,
        null
      ],
      "/Users/vidoseaver/turing/3/rales_engine/app/controllers/api/v1/invoices/merchants_controller.rb": [
        1,
        null,
        1,
        1,
        null,
        null,
        null
      ],
      "/Users/vidoseaver/turing/3/rales_engine/app/controllers/api/v1/invoices/transactions_controller.rb": [
        1,
        null,
        1,
        1,
        null,
        null,
        null
      ],
      "/Users/vidoseaver/turing/3/rales_engine/app/serializers/api/v1/invoices/transaction_serializer.rb": [
        1,
        1,
        null,
        null
      ],
      "/Users/vidoseaver/turing/3/rales_engine/app/controllers/api/v1/items/invoice_items_controller.rb": [
        1,
        null,
        1,
        1,
        null,
        null,
        null
      ],
      "/Users/vidoseaver/turing/3/rales_engine/app/serializers/api/v1/items/invoice_item_serializer.rb": [
        1,
        1,
        null,
        null
      ],
      "/Users/vidoseaver/turing/3/rales_engine/app/controllers/api/v1/items/merchants_controller.rb": [
        1,
        null,
        1,
        1,
        null,
        null,
        null
      ],
      "/Users/vidoseaver/turing/3/rales_engine/app/serializers/api/v1/items/merchant_serializer.rb": [
        1,
        1,
        null,
        null
      ],
      "/Users/vidoseaver/turing/3/rales_engine/app/serializers/api/v1/item_serializer.rb": [
        1,
        1,
        null,
        1,
        4,
        null,
        null,
        null
      ],
      "/Users/vidoseaver/turing/3/rales_engine/app/controllers/api/v1/merchants/favorite_customers_controller.rb": [
        1,
        null,
        1,
        1,
        1,
        null,
        null,
        null
      ],
      "/Users/vidoseaver/turing/3/rales_engine/app/controllers/api/v1/merchants/invoices_controller.rb": [
        1,
        null,
        1,
        1,
        null,
        null,
        null
      ],
      "/Users/vidoseaver/turing/3/rales_engine/app/serializers/api/v1/merchants/invoice_serializer.rb": [
        1,
        1,
        null,
        null
      ],
      "/Users/vidoseaver/turing/3/rales_engine/app/controllers/api/v1/merchants/items_controller.rb": [
        1,
        null,
        1,
        1,
        null,
        null,
        null
      ],
      "/Users/vidoseaver/turing/3/rales_engine/app/serializers/api/v1/merchants/item_serializer.rb": [
        1,
        1,
        null,
        null
      ],
      "/Users/vidoseaver/turing/3/rales_engine/app/controllers/api/v1/merchants/revenues_controller.rb": [
        1,
        null,
        1,
        3,
        3,
        2,
        null,
        1,
        null,
        null,
        1,
        1,
        3,
        null,
        null,
        1,
        2,
        null,
        null,
        null
      ],
      "/Users/vidoseaver/turing/3/rales_engine/app/serializers/api/v1/merchants/revenue_serializer.rb": [
        1,
        1,
        null,
        1,
        3,
        null,
        null,
        null
      ],
      "/Users/vidoseaver/turing/3/rales_engine/app/controllers/api/v1/transactions/invoices_controller.rb": [
        1,
        null,
        1,
        1,
        null,
        null,
        null
      ],
      "/Users/vidoseaver/turing/3/rales_engine/app/serializers/api/v1/transactions/invoice_serializer.rb": [
        1,
        1,
        null,
        null
      ],
      "/Users/vidoseaver/turing/3/rales_engine/app/serializers/api/v1/transaction_serializer.rb": [
        1,
        1,
        null,
        null
      ]
    },
    "timestamp": 1480692028
  }
}
